  GAMin.cpp
<<<<<<< HEAD:Void/GAMin/GAMin/Release/GAMin.log
C:\Users\benja\Desktop\Year 3\Bio\Worksheet1Bio\GAMin\GAMin\GAMin.cpp(14,27): warning C4305: 'initializing': truncation from 'double' to 'float'
C:\Users\benja\Desktop\Year 3\Bio\Worksheet1Bio\GAMin\GAMin\GAMin.cpp(15,27): warning C4305: 'initializing': truncation from 'double' to 'float'
C:\Users\benja\Desktop\Year 3\Bio\Worksheet1Bio\GAMin\GAMin\GAMin.cpp(29,24): warning C4305: 'initializing': truncation from 'double' to 'float'
C:\Users\benja\Desktop\Year 3\Bio\Worksheet1Bio\GAMin\GAMin\GAMin.cpp(30,23): warning C4305: 'initializing': truncation from 'double' to 'float'
C:\Users\benja\Desktop\Year 3\Bio\Worksheet1Bio\GAMin\GAMin\GAMin.cpp(37,57): warning C4244: '=': conversion from 'double' to 'float', possible loss of data
C:\Users\benja\Desktop\Year 3\Bio\Worksheet1Bio\GAMin\GAMin\GAMin.cpp(47,21): warning C4244: '=': conversion from 'float' to 'int', possible loss of data
C:\Users\benja\Desktop\Year 3\Bio\Worksheet1Bio\GAMin\GAMin\GAMin.cpp(73,29): warning C4244: '=': conversion from 'float' to 'int', possible loss of data
C:\Users\benja\Desktop\Year 3\Bio\Worksheet1Bio\GAMin\GAMin\GAMin.cpp(102,51): warning C4244: '+=': conversion from 'float' to 'int', possible loss of data
C:\Users\benja\Desktop\Year 3\Bio\Worksheet1Bio\GAMin\GAMin\GAMin.cpp(157,12): warning C4244: 'return': conversion from 'float' to 'int', possible loss of data
C:\Users\benja\Desktop\Year 3\Bio\Worksheet1Bio\GAMin\GAMin\GAMin.cpp(167,12): warning C4244: 'return': conversion from 'float' to 'int', possible loss of data
C:\Users\benja\Desktop\Year 3\Bio\Worksheet1Bio\GAMin\GAMin\GAMin.cpp(194,1): warning C4326: return type of 'main' should be 'int' instead of 'void'
C:\Users\benja\Desktop\Year 3\Bio\Worksheet1Bio\GAMin\GAMin\GAMin.cpp(195,15): warning C4244: 'argument': conversion from 'time_t' to 'unsigned int', possible loss of data
C:\Users\benja\Desktop\Year 3\Bio\Worksheet1Bio\GAMin\GAMin\GAMin.cpp(204,35): warning C4244: '=': conversion from 'int' to 'float', possible loss of data
C:\Users\benja\Desktop\Year 3\Bio\Worksheet1Bio\GAMin\GAMin\GAMin.cpp(205,40): warning C4244: '=': conversion from 'int' to 'float', possible loss of data
  Generating code
  2 of 152 functions ( 1.3%) were compiled, the rest were copied from previous compilation.
    1 functions were new in current compilation
    1 functions had inline decision re-evaluated but remain unchanged
=======
C:\Users\benja\Desktop\Year 3 Work\Work\Bio\Worksheet1Bio\GAMin\GAMin\GAMin.cpp(14,27): warning C4305: 'initializing': truncation from 'double' to 'float'
C:\Users\benja\Desktop\Year 3 Work\Work\Bio\Worksheet1Bio\GAMin\GAMin\GAMin.cpp(27,24): warning C4305: 'initializing': truncation from 'double' to 'float'
C:\Users\benja\Desktop\Year 3 Work\Work\Bio\Worksheet1Bio\GAMin\GAMin\GAMin.cpp(28,23): warning C4305: 'initializing': truncation from 'double' to 'float'
C:\Users\benja\Desktop\Year 3 Work\Work\Bio\Worksheet1Bio\GAMin\GAMin\GAMin.cpp(47,20): warning C4244: '=': conversion from 'double' to 'int', possible loss of data
C:\Users\benja\Desktop\Year 3 Work\Work\Bio\Worksheet1Bio\GAMin\GAMin\GAMin.cpp(48,20): warning C4244: '=': conversion from 'double' to 'int', possible loss of data
C:\Users\benja\Desktop\Year 3 Work\Work\Bio\Worksheet1Bio\GAMin\GAMin\GAMin.cpp(77,29): warning C4244: '=': conversion from 'float' to 'int', possible loss of data
C:\Users\benja\Desktop\Year 3 Work\Work\Bio\Worksheet1Bio\GAMin\GAMin\GAMin.cpp(107,51): warning C4244: '+=': conversion from 'float' to 'int', possible loss of data
C:\Users\benja\Desktop\Year 3 Work\Work\Bio\Worksheet1Bio\GAMin\GAMin\GAMin.cpp(162,12): warning C4244: 'return': conversion from 'float' to 'int', possible loss of data
C:\Users\benja\Desktop\Year 3 Work\Work\Bio\Worksheet1Bio\GAMin\GAMin\GAMin.cpp(172,12): warning C4244: 'return': conversion from 'float' to 'int', possible loss of data
C:\Users\benja\Desktop\Year 3 Work\Work\Bio\Worksheet1Bio\GAMin\GAMin\GAMin.cpp(217,1): warning C4326: return type of 'main' should be 'int' instead of 'void'
C:\Users\benja\Desktop\Year 3 Work\Work\Bio\Worksheet1Bio\GAMin\GAMin\GAMin.cpp(218,15): warning C4244: 'argument': conversion from 'time_t' to 'unsigned int', possible loss of data
C:\Users\benja\Desktop\Year 3 Work\Work\Bio\Worksheet1Bio\GAMin\GAMin\GAMin.cpp(228,35): warning C4244: '=': conversion from 'int' to 'float', possible loss of data
C:\Users\benja\Desktop\Year 3 Work\Work\Bio\Worksheet1Bio\GAMin\GAMin\GAMin.cpp(229,40): warning C4244: '=': conversion from 'int' to 'float', possible loss of data
  Generating code
  5 of 155 functions ( 3.2%) were compiled, the rest were copied from previous compilation.
    0 functions were new in current compilation
    0 functions had inline decision re-evaluated but remain unchanged
>>>>>>> a5c50e131f5a1ac822b6a1201a08c74d34d0aed3:GAMin/GAMin/Release/GAMin.log
  Finished generating code
  GAMin.vcxproj -> C:\Users\benja\Desktop\Year 3 Work\Work\Bio\Worksheet1Bio\GAMin\Release\GAMin.exe
