  GAMin.cpp
C:\Users\benja\Desktop\Year 3 Work\Work\Bio\Projects\Worksheet1Bio\GAMin\GAMin\GAMin.cpp(14,27): warning C4305: 'initializing': truncation from 'double' to 'float'
C:\Users\benja\Desktop\Year 3 Work\Work\Bio\Projects\Worksheet1Bio\GAMin\GAMin\GAMin.cpp(15,27): warning C4305: 'initializing': truncation from 'double' to 'float'
C:\Users\benja\Desktop\Year 3 Work\Work\Bio\Projects\Worksheet1Bio\GAMin\GAMin\GAMin.cpp(29,24): warning C4305: 'initializing': truncation from 'double' to 'float'
C:\Users\benja\Desktop\Year 3 Work\Work\Bio\Projects\Worksheet1Bio\GAMin\GAMin\GAMin.cpp(30,23): warning C4305: 'initializing': truncation from 'double' to 'float'
C:\Users\benja\Desktop\Year 3 Work\Work\Bio\Projects\Worksheet1Bio\GAMin\GAMin\GAMin.cpp(37,57): warning C4244: '=': conversion from 'double' to 'float', possible loss of data
C:\Users\benja\Desktop\Year 3 Work\Work\Bio\Projects\Worksheet1Bio\GAMin\GAMin\GAMin.cpp(47,21): warning C4244: '=': conversion from 'float' to 'int', possible loss of data
C:\Users\benja\Desktop\Year 3 Work\Work\Bio\Projects\Worksheet1Bio\GAMin\GAMin\GAMin.cpp(73,29): warning C4244: '=': conversion from 'float' to 'int', possible loss of data
C:\Users\benja\Desktop\Year 3 Work\Work\Bio\Projects\Worksheet1Bio\GAMin\GAMin\GAMin.cpp(102,51): warning C4244: '+=': conversion from 'float' to 'int', possible loss of data
C:\Users\benja\Desktop\Year 3 Work\Work\Bio\Projects\Worksheet1Bio\GAMin\GAMin\GAMin.cpp(157,12): warning C4244: 'return': conversion from 'float' to 'int', possible loss of data
C:\Users\benja\Desktop\Year 3 Work\Work\Bio\Projects\Worksheet1Bio\GAMin\GAMin\GAMin.cpp(167,12): warning C4244: 'return': conversion from 'float' to 'int', possible loss of data
C:\Users\benja\Desktop\Year 3 Work\Work\Bio\Projects\Worksheet1Bio\GAMin\GAMin\GAMin.cpp(189,1): warning C4326: return type of 'main' should be 'int' instead of 'void'
C:\Users\benja\Desktop\Year 3 Work\Work\Bio\Projects\Worksheet1Bio\GAMin\GAMin\GAMin.cpp(190,15): warning C4244: 'argument': conversion from 'time_t' to 'unsigned int', possible loss of data
C:\Users\benja\Desktop\Year 3 Work\Work\Bio\Projects\Worksheet1Bio\GAMin\GAMin\GAMin.cpp(199,35): warning C4244: '=': conversion from 'int' to 'float', possible loss of data
C:\Users\benja\Desktop\Year 3 Work\Work\Bio\Projects\Worksheet1Bio\GAMin\GAMin\GAMin.cpp(200,40): warning C4244: '=': conversion from 'int' to 'float', possible loss of data
  Generating code
  Previous IPDB and IOBJ mismatch, fall back to full compilation.
  All 152 functions were compiled because no usable IPDB/IOBJ from previous compilation was found.
  Finished generating code
  GAMin.vcxproj -> C:\Users\benja\Desktop\Year 3 Work\Work\Bio\Projects\Worksheet1Bio\GAMin\Release\GAMin.exe
