  GAMin.cpp
C:\Users\benja\Desktop\Year 3\Bio\Worksheet1Bio\GAMin\GAMin\GAMin.cpp(14,27): warning C4305: 'initializing': truncation from 'double' to 'float'
C:\Users\benja\Desktop\Year 3\Bio\Worksheet1Bio\GAMin\GAMin\GAMin.cpp(15,27): warning C4305: 'initializing': truncation from 'double' to 'float'
C:\Users\benja\Desktop\Year 3\Bio\Worksheet1Bio\GAMin\GAMin\GAMin.cpp(29,24): warning C4305: 'initializing': truncation from 'double' to 'float'
C:\Users\benja\Desktop\Year 3\Bio\Worksheet1Bio\GAMin\GAMin\GAMin.cpp(30,23): warning C4305: 'initializing': truncation from 'double' to 'float'
C:\Users\benja\Desktop\Year 3\Bio\Worksheet1Bio\GAMin\GAMin\GAMin.cpp(37,57): warning C4244: '=': conversion from 'double' to 'float', possible loss of data
C:\Users\benja\Desktop\Year 3\Bio\Worksheet1Bio\GAMin\GAMin\GAMin.cpp(47,21): warning C4244: '=': conversion from 'float' to 'int', possible loss of data
C:\Users\benja\Desktop\Year 3\Bio\Worksheet1Bio\GAMin\GAMin\GAMin.cpp(73,29): warning C4244: '=': conversion from 'float' to 'int', possible loss of data
C:\Users\benja\Desktop\Year 3\Bio\Worksheet1Bio\GAMin\GAMin\GAMin.cpp(102,51): warning C4244: '+=': conversion from 'float' to 'int', possible loss of data
C:\Users\benja\Desktop\Year 3\Bio\Worksheet1Bio\GAMin\GAMin\GAMin.cpp(157,12): warning C4244: 'return': conversion from 'float' to 'int', possible loss of data
C:\Users\benja\Desktop\Year 3\Bio\Worksheet1Bio\GAMin\GAMin\GAMin.cpp(167,12): warning C4244: 'return': conversion from 'float' to 'int', possible loss of data
C:\Users\benja\Desktop\Year 3\Bio\Worksheet1Bio\GAMin\GAMin\GAMin.cpp(194,1): warning C4326: return type of 'main' should be 'int' instead of 'void'
C:\Users\benja\Desktop\Year 3\Bio\Worksheet1Bio\GAMin\GAMin\GAMin.cpp(195,15): warning C4244: 'argument': conversion from 'time_t' to 'unsigned int', possible loss of data
C:\Users\benja\Desktop\Year 3\Bio\Worksheet1Bio\GAMin\GAMin\GAMin.cpp(204,35): warning C4244: '=': conversion from 'int' to 'float', possible loss of data
C:\Users\benja\Desktop\Year 3\Bio\Worksheet1Bio\GAMin\GAMin\GAMin.cpp(205,40): warning C4244: '=': conversion from 'int' to 'float', possible loss of data
  Generating code
  2 of 152 functions ( 1.3%) were compiled, the rest were copied from previous compilation.
    1 functions were new in current compilation
    1 functions had inline decision re-evaluated but remain unchanged
  Finished generating code
  GAMin.vcxproj -> C:\Users\benja\Desktop\Year 3\Bio\Worksheet1Bio\GAMin\Release\GAMin.exe
